[debug] [2024-06-22T06:46:03.604Z] ----------------------------------------------------------------------
[debug] [2024-06-22T06:46:03.607Z] Command:       C:\Program Files\nodejs\node.exe C:\Users\HP\AppData\Roaming\npm\node_modules\firebase-tools\lib\bin\firebase.js init
[debug] [2024-06-22T06:46:03.607Z] CLI Version:   13.11.2
[debug] [2024-06-22T06:46:03.607Z] Platform:      win32
[debug] [2024-06-22T06:46:03.608Z] Node Version:  v22.2.0
[debug] [2024-06-22T06:46:03.608Z] Time:          Sat Jun 22 2024 12:16:03 GMT+0530 (India Standard Time)
[debug] [2024-06-22T06:46:03.608Z] ----------------------------------------------------------------------
[debug] 
[debug] [2024-06-22T06:46:03.710Z] > command requires scopes: ["email","openid","https://www.googleapis.com/auth/cloudplatformprojects.readonly","https://www.googleapis.com/auth/firebase","https://www.googleapis.com/auth/cloud-platform"]
[debug] [2024-06-22T06:46:03.712Z] > authorizing via signed-in user (poojanemade026@gmail.com)
[info] 
     ######## #### ########  ######## ########     ###     ######  ########
     ##        ##  ##     ## ##       ##     ##  ##   ##  ##       ##
     ######    ##  ########  ######   ########  #########  ######  ######
     ##        ##  ##    ##  ##       ##     ## ##     ##       ## ##
     ##       #### ##     ## ######## ########  ##     ##  ######  ########

You're about to initialize a Firebase project in this directory:

  C:\Users\HP\Desktop\amazon clone\amazon-clone

Before we get started, keep in mind:

  * You are initializing within an existing Firebase project directory

[info] 
=== Project Setup
[info] 
[info] First, let's associate this project directory with a Firebase project.
[info] You can create multiple project aliases by running firebase use --add, 
[info] but for now we'll just set up a default project.
[info] 
[debug] [2024-06-22T06:46:44.091Z] Using project from CLI flag: clone-fb7d1
[debug] [2024-06-22T06:46:44.093Z] > refreshing access token with scopes: []
[debug] [2024-06-22T06:46:44.095Z] >>> [apiv2][query] POST https://www.googleapis.com/oauth2/v3/token [none]
[debug] [2024-06-22T06:46:44.095Z] >>> [apiv2][body] POST https://www.googleapis.com/oauth2/v3/token [omitted]
[debug] [2024-06-22T06:46:44.386Z] <<< [apiv2][status] POST https://www.googleapis.com/oauth2/v3/token 200
[debug] [2024-06-22T06:46:44.386Z] <<< [apiv2][body] POST https://www.googleapis.com/oauth2/v3/token [omitted]
[debug] [2024-06-22T06:46:44.411Z] >>> [apiv2][query] GET https://firebase.googleapis.com/v1beta1/projects/clone-fb7d1 [none]
[debug] [2024-06-22T06:46:44.868Z] <<< [apiv2][status] GET https://firebase.googleapis.com/v1beta1/projects/clone-fb7d1 200
[debug] [2024-06-22T06:46:44.868Z] <<< [apiv2][body] GET https://firebase.googleapis.com/v1beta1/projects/clone-fb7d1 {"projectId":"clone-fb7d1","projectNumber":"420726976392","displayName":"amazon clone","name":"projects/clone-fb7d1","resources":{"hostingSite":"clone-fb7d1"},"state":"ACTIVE","etag":"1_48a2a332-0cbc-4a41-b0a9-efdf1f6c5565"}
[info] i  Using project clone-fb7d1 (amazon clone) 
[info] 
=== Functions Setup
[debug] [2024-06-22T06:46:44.880Z] > command requires scopes: ["email","openid","https://www.googleapis.com/auth/cloudplatformprojects.readonly","https://www.googleapis.com/auth/firebase","https://www.googleapis.com/auth/cloud-platform"]
[debug] [2024-06-22T06:46:44.880Z] > authorizing via signed-in user (poojanemade026@gmail.com)
[debug] [2024-06-22T06:46:44.880Z] [iam] checking project clone-fb7d1 for permissions ["firebase.projects.get"]
[debug] [2024-06-22T06:46:44.881Z] >>> [apiv2][query] POST https://cloudresourcemanager.googleapis.com/v1/projects/clone-fb7d1:testIamPermissions [none]
[debug] [2024-06-22T06:46:44.881Z] >>> [apiv2][(partial)header] POST https://cloudresourcemanager.googleapis.com/v1/projects/clone-fb7d1:testIamPermissions x-goog-quota-user=projects/clone-fb7d1
[debug] [2024-06-22T06:46:44.881Z] >>> [apiv2][body] POST https://cloudresourcemanager.googleapis.com/v1/projects/clone-fb7d1:testIamPermissions {"permissions":["firebase.projects.get"]}
[debug] [2024-06-22T06:46:46.328Z] <<< [apiv2][status] POST https://cloudresourcemanager.googleapis.com/v1/projects/clone-fb7d1:testIamPermissions 200
[debug] [2024-06-22T06:46:46.328Z] <<< [apiv2][body] POST https://cloudresourcemanager.googleapis.com/v1/projects/clone-fb7d1:testIamPermissions {"permissions":["firebase.projects.get"]}
[debug] [2024-06-22T06:46:46.329Z] >>> [apiv2][query] GET https://serviceusage.googleapis.com/v1/projects/clone-fb7d1/services/cloudfunctions.googleapis.com [none]
[debug] [2024-06-22T06:46:46.329Z] >>> [apiv2][(partial)header] GET https://serviceusage.googleapis.com/v1/projects/clone-fb7d1/services/cloudfunctions.googleapis.com x-goog-quota-user=projects/clone-fb7d1
[debug] [2024-06-22T06:46:46.331Z] >>> [apiv2][query] GET https://serviceusage.googleapis.com/v1/projects/clone-fb7d1/services/runtimeconfig.googleapis.com [none]
[debug] [2024-06-22T06:46:46.331Z] >>> [apiv2][(partial)header] GET https://serviceusage.googleapis.com/v1/projects/clone-fb7d1/services/runtimeconfig.googleapis.com x-goog-quota-user=projects/clone-fb7d1
[debug] [2024-06-22T06:46:48.216Z] <<< [apiv2][status] GET https://serviceusage.googleapis.com/v1/projects/clone-fb7d1/services/runtimeconfig.googleapis.com 200
[debug] [2024-06-22T06:46:48.216Z] <<< [apiv2][body] GET https://serviceusage.googleapis.com/v1/projects/clone-fb7d1/services/runtimeconfig.googleapis.com [omitted]
[debug] [2024-06-22T06:46:48.218Z] <<< [apiv2][status] GET https://serviceusage.googleapis.com/v1/projects/clone-fb7d1/services/cloudfunctions.googleapis.com 200
[debug] [2024-06-22T06:46:48.218Z] <<< [apiv2][body] GET https://serviceusage.googleapis.com/v1/projects/clone-fb7d1/services/cloudfunctions.googleapis.com [omitted]
[info] 
Detected existing codebase(s): default

[info] Let's create a new codebase for your functions.
[info] A directory corresponding to the codebase will be created in your project
[info] with sample code pre-configured.

[info] See https://firebase.google.com/docs/functions/organize-functions for
[info] more information on organizing your functions using codebases.

[info] Functions can be deployed with firebase deploy.

